<?xml version="1.0" encoding="UTF-8"?>
<testsuite xmlns:xsi="http://www.w3.org/2001/XMLSchema-instance" xsi:noNamespaceSchemaLocation="https://maven.apache.org/surefire/maven-surefire-plugin/xsd/surefire-test-report.xsd" name="ru.sj.beauty.web.user.AdminRestControllerTest" time="2.596" tests="1" errors="0" skipped="0" failures="1">
  <properties>
[...]
</properties>
  <testcase name="testGet" classname="ru.sj.beauty.web.user.AdminRestControllerTest" time="0.731">
    <failure message="&#10;Expecting value &lt;&quot;89151551155&quot;&gt; in field &lt;&quot;phone&quot;&gt; but was &lt;null&gt; in &lt;User{id=100000, email=user@yandex.ru, name=User, enabled=true, roles=null, cellphone=null}&gt;.&#10;Comparison was performed on all fields but &lt;[&quot;registered&quot;, &quot;roles&quot;]&gt;" type="java.lang.AssertionError"><![CDATA[java.lang.AssertionError: 

Expecting value <"89151551155"> in field <"phone"> but was <null> in <User{id=100000, email=user@yandex.ru, name=User, enabled=true, roles=null, cellphone=null}>.
Comparison was performed on all fields but <["registered", "roles"]>
	at ru.sj.beauty.web.user.AdminRestControllerTest.testGet(AdminRestControllerTest.java:59)
]]></failure>
    <system-out><![CDATA[14:23:47.746 INFO  o.s.t.c.support.AbstractTestContextBootstrapper.getDefaultTestExecutionListenerClassNames:248 - Loaded default TestExecutionListener class names from location [META-INF/spring.factories]: [org.springframework.test.context.web.ServletTestExecutionListener, org.springframework.test.context.support.DirtiesContextBeforeModesTestExecutionListener, org.springframework.test.context.support.DependencyInjectionTestExecutionListener, org.springframework.test.context.support.DirtiesContextTestExecutionListener, org.springframework.test.context.transaction.TransactionalTestExecutionListener, org.springframework.test.context.jdbc.SqlScriptsTestExecutionListener, org.springframework.test.context.event.EventPublishingTestExecutionListener]
14:23:47.788 INFO  o.s.t.c.support.AbstractTestContextBootstrapper.getTestExecutionListeners:177 - Using TestExecutionListeners: [org.springframework.test.context.support.DirtiesContextBeforeModesTestExecutionListener@13c10b87, org.springframework.test.context.support.DependencyInjectionTestExecutionListener@6a01e23, org.springframework.test.context.support.DirtiesContextTestExecutionListener@5a955565, org.springframework.test.context.transaction.TransactionalTestExecutionListener@6293abcc, org.springframework.test.context.jdbc.SqlScriptsTestExecutionListener@7995092a, org.springframework.test.context.event.EventPublishingTestExecutionListener@7fc2413d]
14:23:48.826 INFO  ru.sj.beauty.web.user.AdminRestControllerTest.testGet:57 - test get
]]></system-out>
  </testcase>
</testsuite>